Build started 2019/12/18 22:29:16.
     1>Project "D:\VisualStudioProjects\DihedralTessellation\DihedralTessellation\DihedralTessellation.vcxproj" on node 2 (Build target(s)).
     1>ClCompile:
         C:\Program Files (x86)\Microsoft Visual Studio 12.0\VC\bin\x86_amd64\CL.exe /c /IC:\local\opencv\build\include /IC:\local\opencv\build\include\opencv /IC:\local\opencv\build\include\opencv2 /Zi /nologo /W3 /WX- /O2 /Oi /GL /D WIN32 /D NDEBUG /D _CONSOLE /D _LIB /D _UNICODE /D UNICODE /Gm- /EHsc /MD /GS /Gy /fp:precise /Zc:wchar_t /Zc:forScope /Fo"x64\Release\\" /Fd"x64\Release\vc120.pdb" /Gd /TP /errorReport:prompt tilingOpt.cpp
         tilingOpt.cpp
     1>tilingOpt.cpp(63): warning C4267: '=' : conversion from 'size_t' to 'int', possible loss of data
     1>tilingOpt.cpp(163): warning C4996: 'mkdir': The POSIX name for this item is deprecated. Instead, use the ISO C++ conformant name: _mkdir. See online help for details.
                 C:\Program Files (x86)\Microsoft Visual Studio 12.0\VC\include\direct.h(140) : see declaration of 'mkdir'
     1>tilingOpt.cpp(180): warning C4267: 'initializing' : conversion from 'size_t' to 'int', possible loss of data
     1>tilingOpt.cpp(140): warning C4101: 'finish' : unreferenced local variable
     1>tilingOpt.cpp(140): warning C4101: 'midtime' : unreferenced local variable
     1>tilingOpt.cpp(231): warning C4996: 'mkdir': The POSIX name for this item is deprecated. Instead, use the ISO C++ conformant name: _mkdir. See online help for details.
                 C:\Program Files (x86)\Microsoft Visual Studio 12.0\VC\include\direct.h(140) : see declaration of 'mkdir'
     1>tilingOpt.cpp(245): warning C4267: 'initializing' : conversion from 'size_t' to 'int', possible loss of data
     1>tilingOpt.cpp(275): warning C4267: 'initializing' : conversion from 'size_t' to 'int', possible loss of data
     1>tilingOpt.cpp(302): warning C4258: 'i' : definition from the for loop is ignored; the definition from the enclosing scope is used
                 tilingOpt.cpp(276) : definition of 'i' ignored
                 tilingOpt.cpp(249) : definition of 'i' used
     1>tilingOpt.cpp(204): warning C4101: 'finish' : unreferenced local variable
     1>tilingOpt.cpp(204): warning C4101: 'midtime' : unreferenced local variable
     1>tilingOpt.cpp(269): warning C4101: 'con_sc' : unreferenced local variable
     1>tilingOpt.cpp(313): warning C4267: 'initializing' : conversion from 'size_t' to 'int', possible loss of data
     1>tilingOpt.cpp(315): warning C4267: 'initializing' : conversion from 'size_t' to 'int', possible loss of data
     1>tilingOpt.cpp(387): warning C4267: 'initializing' : conversion from 'size_t' to 'int', possible loss of data
     1>tilingOpt.cpp(405): warning C4267: 'initializing' : conversion from 'size_t' to 'int', possible loss of data
     1>tilingOpt.cpp(412): warning C4267: 'initializing' : conversion from 'size_t' to 'int', possible loss of data
     1>tilingOpt.cpp(448): warning C4267: 'initializing' : conversion from 'size_t' to 'int', possible loss of data
     1>tilingOpt.cpp(503): warning C4267: 'initializing' : conversion from 'size_t' to 'int', possible loss of data
     1>tilingOpt.cpp(507): warning C4267: 'initializing' : conversion from 'size_t' to 'int', possible loss of data
     1>tilingOpt.cpp(538): warning C4267: '=' : conversion from 'size_t' to 'int', possible loss of data
     1>tilingOpt.cpp(550): warning C4267: 'initializing' : conversion from 'size_t' to 'int', possible loss of data
     1>tilingOpt.cpp(557): warning C4267: 'initializing' : conversion from 'size_t' to 'int', possible loss of data
     1>tilingOpt.cpp(606): warning C4267: 'initializing' : conversion from 'size_t' to 'int', possible loss of data
     1>tilingOpt.cpp(707): warning C4267: 'initializing' : conversion from 'size_t' to 'int', possible loss of data
     1>tilingOpt.cpp(708): warning C4267: 'initializing' : conversion from 'size_t' to 'int', possible loss of data
     1>tilingOpt.cpp(856): warning C4267: 'initializing' : conversion from 'size_t' to 'int', possible loss of data
     1>tilingOpt.cpp(920): warning C4267: 'initializing' : conversion from 'size_t' to 'int', possible loss of data
     1>tilingOpt.cpp(921): warning C4267: 'initializing' : conversion from 'size_t' to 'int', possible loss of data
     1>tilingOpt.cpp(922): warning C4267: 'initializing' : conversion from 'size_t' to 'int', possible loss of data
     1>tilingOpt.cpp(991): warning C4267: 'initializing' : conversion from 'size_t' to 'int', possible loss of data
     1>tilingOpt.cpp(1025): warning C4267: 'initializing' : conversion from 'size_t' to 'int', possible loss of data
     1>tilingOpt.cpp(1180): warning C4267: 'initializing' : conversion from 'size_t' to 'int', possible loss of data
     1>tilingOpt.cpp(1589): warning C4267: 'initializing' : conversion from 'size_t' to 'int', possible loss of data
     1>tilingOpt.cpp(1692): warning C4267: 'initializing' : conversion from 'size_t' to 'int', possible loss of data
     1>tilingOpt.cpp(1782): warning C4267: 'initializing' : conversion from 'size_t' to 'int', possible loss of data
     1>tilingOpt.cpp(1946): warning C4267: 'initializing' : conversion from 'size_t' to 'int', possible loss of data
     1>tilingOpt.cpp(2207): warning C4267: 'initializing' : conversion from 'size_t' to 'int', possible loss of data
     1>tilingOpt.cpp(2287): warning C4267: 'initializing' : conversion from 'size_t' to 'int', possible loss of data
     1>tilingOpt.cpp(2490): warning C4267: 'initializing' : conversion from 'size_t' to 'int', possible loss of data
     1>tilingOpt.cpp(2606): warning C4267: 'initializing' : conversion from 'size_t' to 'int', possible loss of data
     1>tilingOpt.cpp(2651): warning C4267: 'initializing' : conversion from 'size_t' to 'int', possible loss of data
     1>tilingOpt.cpp(2696): warning C4267: 'initializing' : conversion from 'size_t' to 'int', possible loss of data
     1>tilingOpt.cpp(2726): warning C4267: 'initializing' : conversion from 'size_t' to 'int', possible loss of data
     1>tilingOpt.cpp(2770): warning C4267: 'initializing' : conversion from 'size_t' to 'int', possible loss of data
     1>tilingOpt.cpp(2783): warning C4267: 'initializing' : conversion from 'size_t' to 'int', possible loss of data
     1>tilingOpt.cpp(2788): warning C4267: 'initializing' : conversion from 'size_t' to 'int', possible loss of data
     1>tilingOpt.cpp(2799): warning C4267: 'initializing' : conversion from 'size_t' to 'int', possible loss of data
     1>tilingOpt.cpp(2832): warning C4267: 'initializing' : conversion from 'size_t' to 'int', possible loss of data
     1>tilingOpt.cpp(2918): warning C4267: 'initializing' : conversion from 'size_t' to 'int', possible loss of data
     1>tilingOpt.cpp(2945): warning C4267: 'initializing' : conversion from 'size_t' to 'int', possible loss of data
     1>tilingOpt.cpp(2949): warning C4267: 'initializing' : conversion from 'size_t' to 'int', possible loss of data
     1>tilingOpt.cpp(2965): warning C4267: 'initializing' : conversion from 'size_t' to 'int', possible loss of data
     1>tilingOpt.cpp(2987): warning C4267: 'initializing' : conversion from 'size_t' to 'int', possible loss of data
     1>tilingOpt.cpp(2988): warning C4267: 'initializing' : conversion from 'size_t' to 'int', possible loss of data
     1>tilingOpt.cpp(3141): warning C4267: '=' : conversion from 'size_t' to 'int', possible loss of data
     1>tilingOpt.cpp(3148): warning C4267: 'initializing' : conversion from 'size_t' to 'int', possible loss of data
     1>tilingOpt.cpp(3236): warning C4267: 'initializing' : conversion from 'size_t' to 'int', possible loss of data
     1>tilingOpt.cpp(3247): warning C4267: 'initializing' : conversion from 'size_t' to 'int', possible loss of data
     1>tilingOpt.cpp(3263): warning C4267: 'initializing' : conversion from 'size_t' to 'int', possible loss of data
     1>tilingOpt.cpp(3304): warning C4267: 'initializing' : conversion from 'size_t' to 'int', possible loss of data
     1>d:\visualstudioprojects\dihedraltessellation\dihedraltessellation\Tool.h(137): warning C4267: 'initializing' : conversion from 'size_t' to 'int', possible loss of data
                 tilingOpt.cpp(441) : see reference to function template instantiation 'void Tiling_tiles::insert_vector<Tiling_tiles::Point_f>(std::vector<Tiling_tiles::Point_f,std::allocator<_Ty>> &,int,T)' being compiled
                 with
                 [
                     _Ty=Tiling_tiles::Point_f
         ,            T=Tiling_tiles::Point_f
                 ]
     1>d:\visualstudioprojects\dihedraltessellation\dihedraltessellation\Tool.h(154): warning C4267: 'initializing' : conversion from 'size_t' to 'int', possible loss of data
                 tilingOpt.cpp(527) : see reference to function template instantiation 'T Tiling_tiles::delete_vector<Tiling_tiles::Point_f>(std::vector<Tiling_tiles::Point_f,std::allocator<_Ty>> &,int)' being compiled
                 with
                 [
                     T=Tiling_tiles::Point_f
         ,            _Ty=Tiling_tiles::Point_f
                 ]
       Link:
         C:\Program Files (x86)\Microsoft Visual Studio 12.0\VC\bin\x86_amd64\link.exe /ERRORREPORT:PROMPT /OUT:"D:\VisualStudioProjects\DihedralTessellation\x64\Release\DihedralTessellation.exe" /INCREMENTAL:NO /NOLOGO /LIBPATH:C:\local\opencv\build\x64\vc12\lib opencv_calib3d248.lib opencv_contrib248.lib opencv_core248.lib opencv_features2d248.lib opencv_flann248.lib opencv_gpu248.lib opencv_highgui248.lib opencv_imgproc248.lib opencv_legacy248.lib opencv_ml248.lib opencv_objdetect248.lib opencv_ts248.lib opencv_video248.lib glut64.lib kernel32.lib user32.lib gdi32.lib winspool.lib comdlg32.lib advapi32.lib shell32.lib ole32.lib oleaut32.lib uuid.lib odbc32.lib odbccp32.lib /MANIFEST /MANIFESTUAC:"level='asInvoker' uiAccess='false'" /manifest:embed /DEBUG /PDB:"D:\VisualStudioProjects\DihedralTessellation\x64\Release\DihedralTessellation.pdb" /SUBSYSTEM:CONSOLE /OPT:REF /OPT:ICF /LTCG /TLBID:1 /DYNAMICBASE /NXCOMPAT /IMPLIB:"D:\VisualStudioProjects\DihedralTessellation\x64\Release\DihedralTessellation.lib" /MACHINE:X64 x64\Release\main.obj
         x64\Release\Tool.obj
         x64\Release\OpenglWindow.obj
         x64\Release\Prototile.obj
         x64\Release\tilingOpt.obj
         Generating code
         Finished generating code
         DihedralTessellation.vcxproj -> D:\VisualStudioProjects\DihedralTessellation\x64\Release\DihedralTessellation.exe
     1>Done Building Project "D:\VisualStudioProjects\DihedralTessellation\DihedralTessellation\DihedralTessellation.vcxproj" (Build target(s)).

Build succeeded.

Time Elapsed 00:00:03.96
